<?xml version="1.0" encoding="UTF-8" ?>
<testsuite errors="0" failures="1" hostname="mim-HP" name="TestPairing" tests="4" time="0.084" timestamp="2014-04-12T15:38:49">
  <properties>
    <property name="netbeans.autoupdate.country" value="US" />
    <property name="javafx.binarycss" value="false" />
    <property name="javafx.signing.enabled" value="false" />
    <property name="javac.test.classpath" value="C:\Program Files\Java\jdk1.7.0_13\jre/lib/jfxrt.jar:C:\Program Files\Java\jdk1.7.0_13\jre/lib/deploy.jar:C:\Program Files\Java\jdk1.7.0_13\jre/lib/javaws.jar:C:\Program Files\Java\jdk1.7.0_13\jre/lib/plugin.jar:javafx-dialogs-0.0.3.jar:D:\mark\Dropbox\kordev_repo\kordev\simple-xml-2.7.1\jar\simple-xml-2.7.1.jar:D:\mark\Dropbox\kordev_repo\kordev\SchoolPairingFX2\lib\poi-3.9-20121203.jar;D:\mark\Dropbox\kordev_repo\kordev\SchoolPairingFX2\lib\poi-ooxml-3.9-20121203.jar;D:\mark\Dropbox\kordev_repo\kordev\SchoolPairingFX2\lib\xmlbeans-2.3.0.jar;D:\mark\Dropbox\kordev_repo\kordev\SchoolPairingFX2\lib\poi-ooxml-schemas-3.9-20121203.jar;D:\mark\Dropbox\kordev_repo\kordev\SchoolPairingFX2\lib\stax-api-1.0.1.jar;D:\mark\Dropbox\kordev_repo\kordev\SchoolPairingFX2\lib\dom4j-1.6.1.jar:../PairFXLib/dist/PairFXLib.jar:build/classes:C:\Program Files\NetBeans 7.2.1\platform\modules\ext\junit-4.10.jar" />
    <property name="javafx.runtime" value="C:\Program Files\Java\jdk1.7.0_13\jre" />
    <property name="libs.junit.javadoc" value="C:\Program Files\NetBeans 7.2.1\java\docs\junit-3.8.2-api.zip" />
    <property name="libs.web.src" value="D:\mark\Dropbox\kordev_repo\kordev\SchoolPairingFX2\lib\src" />
    <property name="javac.includes" value="TestPairing.java" />
    <property name="ant.core.lib" value="C:\Program Files\NetBeans 7.2.1\java\ant\lib\ant.jar" />
    <property name="javadoc.windowtitle" value="" />
    <property name="javafx.preloader.enabled" value="false" />
    <property name="user.dir" value="D:\mark\Dropbox\kordev_repo\kordev\SchoolPairingFX2" />
    <property name="libs.hibernate-persistence.javadoc" value="" />
    <property name="java.vm.version" value="22.1-b02" />
    <property name="libs.MySQLDriver.classpath" value="C:\Program Files\NetBeans 7.2.1\ide\modules\ext\mysql-connector-java-5.1.18-bin.jar" />
    <property name="libs.eclipselinkmodelgen.src" value="" />
    <property name="javadoc.notree" value="false" />
    <property name="netbeans.autoupdate.version" value="1.23" />
    <property name="javafx.run.as" value="standalone" />
    <property name="libs.hibernate-support.maven-pom" value="" />
    <property name="libs.hibernate-support.javadoc" value="" />
    <property name="jdk.home" value="C:\Program Files\Java\jdk1.7.0_03" />
    <property name="javafx.deploy.addstartmenushortcut" value="false" />
    <property name="libs.javac-api.src" value="" />
    <property name="javafx.enabled" value="true" />
    <property name="javadoc.noindex" value="false" />
    <property name="sun.os.patch.level" value="Service Pack 1" />
    <property name="auxiliary.org-netbeans-modules-projectapi.issue214819_5f_fx_5f_enabled" value="true" />
    <property name="java.vm.specification.name" value="Java Virtual Machine Specification" />
    <property name="nb.show.statistics.ui" value="usageStatisticsEnabled" />
    <property name="libs.web.maven-pom" value="" />
    <property name="netbeans.autoupdate.variant" value="" />
    <property name="have.tests" value="true" />
    <property name="org.xml.sax.driver" value="com.sun.org.apache.xerces.internal.jaxp.SAXParserImpl$JAXPSAXParser" />
    <property name="libs.Jetty.classpath" value="D:\mark\Dropbox\kordev_repo\kordev\SchoolPairingFX2\lib\jetty-all-server-8.1.11.v20130520.jar" />
    <property name="javafx.signing.keyalias" value="" />
    <property name="libs.javac-api.javadoc" value="" />
    <property name="os.name" value="Windows 7" />
    <property name="libs.beans-binding.classpath" value="C:\Program Files\NetBeans 7.2.1\java\modules\ext\beansbinding-1.2.1.jar" />
    <property name="ap.proc.none.internal" value="" />
    <property name="libs.JWSAntTasks.maven-pom" value="" />
    <property name="jnlp.signing.keystore" value="" />
    <property name="libs.testng.src" value="" />
    <property name="javafx.preloader.project.path" value="" />
    <property name="java.vendor.url.bug" value="http://bugreport.sun.com/bugreport/" />
    <property name="javafx.preloader.type" value="none" />
    <property name="libs.jaxb.maven-pom" value="" />
    <property name="os.arch" value="amd64" />
    <property name="libs.eclipselink.src" value="" />
    <property name="user.name" value="mim" />
    <property name="copylibs.rebase" value="true" />
    <property name="manifest.available+main.class" value="true" />
    <property name="libs.swing-layout.maven-pom" value="" />
    <property name="sun.java.command" value="org.apache.tools.ant.taskdefs.optional.junit.JUnitTestRunner TestPairing filtertrace=true haltOnError=false haltOnFailure=false showoutput=true outputtoformatters=true logfailedtests=true logtestlistenerevents=true formatter=org.apache.tools.ant.taskdefs.optional.junit.BriefJUnitResultFormatter formatter=org.apache.tools.ant.taskdefs.optional.junit.XMLJUnitResultFormatter,D:\mark\Dropbox\kordev_repo\kordev\SchoolPairingFX2\build\test\results\TEST-TestPairing.xml crashfile=D:\mark\Dropbox\kordev_repo\kordev\SchoolPairingFX2\build\junitvmwatcher9084392422686068713.properties propsfile=D:\mark\Dropbox\kordev_repo\kordev\SchoolPairingFX2\build\junit7842346957487230772.properties" />
    <property name="build.classes.dir" value="build/classes" />
    <property name="platforms.Default_JavaFX_Platform.home" value="C:\Program Files\Java\jdk1.7.0_03" />
    <property name="netbeans.accept_license_class" value="org.netbeans.license.AcceptLicense" />
    <property name="jnlp.descriptor" value="application" />
    <property name="build.sysclasspath" value="ignore" />
    <property name="ap.supported.internal" value="true" />
    <property name="libs.jaxws21.javadoc" value="C:\Program Files\NetBeans 7.2.1\java\docs\jaxws-api-doc.zip" />
    <property name="javafx.run.width" value="800" />
    <property name="includes" value="**" />
    <property name="user.country" value="US" />
    <property name="manifest.file" value="manifest.mf" />
    <property name="javadoc.encoding" value="UTF-8" />
    <property name="platform.home" value="C:\Program Files\Java\jdk1.7.0_03" />
    <property name="javac.classpath" value="C:\Program Files\Java\jdk1.7.0_13\jre/lib/jfxrt.jar:C:\Program Files\Java\jdk1.7.0_13\jre/lib/deploy.jar:C:\Program Files\Java\jdk1.7.0_13\jre/lib/javaws.jar:C:\Program Files\Java\jdk1.7.0_13\jre/lib/plugin.jar:javafx-dialogs-0.0.3.jar:D:\mark\Dropbox\kordev_repo\kordev\simple-xml-2.7.1\jar\simple-xml-2.7.1.jar:D:\mark\Dropbox\kordev_repo\kordev\SchoolPairingFX2\lib\poi-3.9-20121203.jar;D:\mark\Dropbox\kordev_repo\kordev\SchoolPairingFX2\lib\poi-ooxml-3.9-20121203.jar;D:\mark\Dropbox\kordev_repo\kordev\SchoolPairingFX2\lib\xmlbeans-2.3.0.jar;D:\mark\Dropbox\kordev_repo\kordev\SchoolPairingFX2\lib\poi-ooxml-schemas-3.9-20121203.jar;D:\mark\Dropbox\kordev_repo\kordev\SchoolPairingFX2\lib\stax-api-1.0.1.jar;D:\mark\Dropbox\kordev_repo\kordev\SchoolPairingFX2\lib\dom4j-1.6.1.jar:../PairFXLib/dist/PairFXLib.jar" />
    <property name="libs.JAVADB_DRIVER_LABEL.src" value="" />
    <property name="platforms.Default_JavaFX_Platform.javafx.javadoc" value="http://docs.oracle.com/javafx/2/api/" />
    <property name="platform.bootcp" value="C:\Program Files\Java\jdk1.7.0_03\jre\lib\resources.jar;C:\Program Files\Java\jdk1.7.0_03\jre\lib\rt.jar;C:\Program Files\Java\jdk1.7.0_03\jre\lib\sunrsasign.jar;C:\Program Files\Java\jdk1.7.0_03\jre\lib\jsse.jar;C:\Program Files\Java\jdk1.7.0_03\jre\lib\jce.jar;C:\Program Files\Java\jdk1.7.0_03\jre\lib\charsets.jar;C:\Program Files\Java\jdk1.7.0_03\jre\classes;C:\Program Files\Java\jdk1.7.0_03\jre\lib\ext\dnsns.jar;C:\Program Files\Java\jdk1.7.0_03\jre\lib\ext\localedata.jar;C:\Program Files\Java\jdk1.7.0_03\jre\lib\ext\sunec.jar;C:\Program Files\Java\jdk1.7.0_03\jre\lib\ext\sunjce_provider.jar;C:\Program Files\Java\jdk1.7.0_03\jre\lib\ext\sunmscapi.jar;C:\Program Files\Java\jdk1.7.0_03\jre\lib\ext\zipfs.jar" />
    <property name="debug-transport" value="dt_shmem" />
    <property name="netbeans.home" value="C:\Program Files\NetBeans 7.2.1\platform" />
    <property name="build.compiler.emacs" value="true" />
    <property name="application.desc" value="PairFX is een programma om niet ronde gebaseerde paringen te maken voor schakers" />
    <property name="libs.ejb3-persistence.src" value="" />
    <property name="libs.Apache POI.src" value="" />
    <property name="javafx.deploy.includeDT" value="true" />
    <property name="java.endorsed.dirs" value="C:\Program Files\Java\jdk1.7.0_03\jre\lib\endorsed" />
    <property name="user.language.format" value="nl" />
    <property name="libs.groovy-all.src" value="" />
    <property name="test.includes" value="TestPairing.java" />
    <property name="netbeans.dynamic.classpath" value="C:\Program Files\NetBeans 7.2.1\platform\core\core.jar;C:\Program Files\NetBeans 7.2.1\platform\core\org-openide-filesystems.jar;C:\Program Files\NetBeans 7.2.1\platform\core\locale\core_ja.jar;C:\Program Files\NetBeans 7.2.1\platform\core\locale\core_pt_BR.jar;C:\Program Files\NetBeans 7.2.1\platform\core\locale\core_ru.jar;C:\Program Files\NetBeans 7.2.1\platform\core\locale\core_zh_CN.jar;C:\Program Files\NetBeans 7.2.1\platform\core\locale\org-openide-filesystems_ja.jar;C:\Program Files\NetBeans 7.2.1\platform\core\locale\org-openide-filesystems_pt_BR.jar;C:\Program Files\NetBeans 7.2.1\platform\core\locale\org-openide-filesystems_ru.jar;C:\Program Files\NetBeans 7.2.1\platform\core\locale\org-openide-filesystems_zh_CN.jar;C:\Program Files\NetBeans 7.2.1\nb\core\org-netbeans-upgrader.jar;C:\Program Files\NetBeans 7.2.1\nb\core\locale\core_nb.jar;C:\Program Files\NetBeans 7.2.1\nb\core\locale\core_nb_ja.jar;C:\Program Files\NetBeans 7.2.1\nb\core\locale\core_nb_pt_BR.jar;C:\Program Files\NetBeans 7.2.1\nb\core\locale\core_nb_ru.jar;C:\Program Files\NetBeans 7.2.1\nb\core\locale\core_nb_zh_CN.jar;C:\Program Files\NetBeans 7.2.1\nb\core\locale\org-netbeans-upgrader_ja.jar;C:\Program Files\NetBeans 7.2.1\nb\core\locale\org-netbeans-upgrader_pt_BR.jar;C:\Program Files\NetBeans 7.2.1\nb\core\locale\org-netbeans-upgrader_ru.jar;C:\Program Files\NetBeans 7.2.1\nb\core\locale\org-netbeans-upgrader_zh_CN.jar" />
    <property name="libs.Apache POI.javadoc" value="" />
    <property name="jnlp.enabled" value="false" />
    <property name="java.vm.specification.version" value="1.7" />
    <property name="libs.groovy-all.maven-pom" value="" />
    <property name="javafx.deploy.icon" value="file:/D:/mark/Dropbox/kordev_repo/kordev/SchoolPairingFX2/src/img/icon_32x32.png" />
    <property name="netbeans.productversion" value="NetBeans IDE 7.2.1 (Build 201210100934)" />
    <property name="libs.hibernate-persistence.classpath" value="C:\Program Files\NetBeans 7.2.1\java\modules\ext\hibernate\antlr-2.7.6.jar;C:\Program Files\NetBeans 7.2.1\java\modules\ext\hibernate\asm.jar;C:\Program Files\NetBeans 7.2.1\java\modules\ext\hibernate\asm-attrs.jar;C:\Program Files\NetBeans 7.2.1\java\modules\ext\hibernate\cglib-2.1.3.jar;C:\Program Files\NetBeans 7.2.1\java\modules\ext\hibernate\commons-collections-2.1.1.jar;C:\Program Files\NetBeans 7.2.1\ide\modules\org-apache-commons-logging.jar;C:\Program Files\NetBeans 7.2.1\java\modules\ext\hibernate\dom4j-1.6.1.jar;C:\Program Files\NetBeans 7.2.1\java\modules\ext\hibernate\ehcache-1.2.3.jar;C:\Program Files\NetBeans 7.2.1\java\modules\ext\hibernate\jdbc2_0-stdext.jar;C:\Program Files\NetBeans 7.2.1\java\modules\ext\hibernate\jta.jar;C:\Program Files\NetBeans 7.2.1\java\modules\ext\hibernate\hibernate3.jar;C:\Program Files\NetBeans 7.2.1\java\modules\ext\hibernate\hibernate-tools.jar;C:\Program Files\NetBeans 7.2.1\java\modules\ext\hibernate\hibernate-annotations.jar;C:\Program Files\NetBeans 7.2.1\java\modules\ext\hibernate\hibernate-commons-annotations.jar;C:\Program Files\NetBeans 7.2.1\java\modules\ext\hibernate\hibernate-entitymanager.jar;C:\Program Files\NetBeans 7.2.1\java\modules\ext\hibernate\javassist.jar;C:\Program Files\NetBeans 7.2.1\java\modules\ext\hibernate\ejb3-persistence.jar" />
    <property name="javafx.preloader.class" value="" />
    <property name="libs.jaxws21.src" value="" />
    <property name="application.title" value="PairFX" />
    <property name="netbeans.autoupdate.language" value="en" />
    <property name="java.vendor" value="Oracle Corporation" />
    <property name="reference.PairFXLib.jar" value="../PairFXLib/dist/PairFXLib.jar" />
    <property name="jar.index.metainf" value="false" />
    <property name="javac.debug" value="true" />
    <property name="javadoc.splitindex" value="true" />
    <property name="file.separator" value="\" />
    <property name="javac.includesfile.binary" value="D:\mark\Dropbox\kordev_repo\kordev\SchoolPairingFX2\null117618334" />
    <property name="libs.Hazelcast.classpath" value="D:\mark\Dropbox\kordev_repo\kordev\hazelcast-3.1.3\lib\hazelcast-all-3.1.3.jar" />
    <property name="libs.junit_4.maven-pom" value="" />
    <property name="mkdist.disabled" value="true" />
    <property name="javac.test.processorpath" value="C:\Program Files\Java\jdk1.7.0_13\jre/lib/jfxrt.jar:C:\Program Files\Java\jdk1.7.0_13\jre/lib/deploy.jar:C:\Program Files\Java\jdk1.7.0_13\jre/lib/javaws.jar:C:\Program Files\Java\jdk1.7.0_13\jre/lib/plugin.jar:javafx-dialogs-0.0.3.jar:D:\mark\Dropbox\kordev_repo\kordev\simple-xml-2.7.1\jar\simple-xml-2.7.1.jar:D:\mark\Dropbox\kordev_repo\kordev\SchoolPairingFX2\lib\poi-3.9-20121203.jar;D:\mark\Dropbox\kordev_repo\kordev\SchoolPairingFX2\lib\poi-ooxml-3.9-20121203.jar;D:\mark\Dropbox\kordev_repo\kordev\SchoolPairingFX2\lib\xmlbeans-2.3.0.jar;D:\mark\Dropbox\kordev_repo\kordev\SchoolPairingFX2\lib\poi-ooxml-schemas-3.9-20121203.jar;D:\mark\Dropbox\kordev_repo\kordev\SchoolPairingFX2\lib\stax-api-1.0.1.jar;D:\mark\Dropbox\kordev_repo\kordev\SchoolPairingFX2\lib\dom4j-1.6.1.jar:../PairFXLib/dist/PairFXLib.jar:build/classes:C:\Program Files\NetBeans 7.2.1\platform\modules\ext\junit-4.10.jar" />
    <property name="libs.tiwulfx.javadoc" value="" />
    <property name="netbeans.buildnumber" value="201210100934" />
    <property name="libs.JWSAntTasks.javadoc" value="" />
    <property name="build.generated.sources.dir" value="build/generated-sources" />
    <property name="user.variant" value="" />
    <property name="libs.eclipselinkmodelgen.classpath" value="C:\Program Files\NetBeans 7.2.1\java\modules\ext\eclipselink\org.eclipse.persistence.jpa.modelgen.processor-2.3.2.jar" />
    <property name="sun.java.launcher" value="SUN_STANDARD" />
    <property name="libs.junit.classpath" value="C:\Program Files\NetBeans 7.2.1\java\modules\ext\junit-3.8.2.jar" />
    <property name="libs.jaxb.javadoc" value="C:\Program Files\NetBeans 7.2.1\ide\docs\jaxb-api-doc.zip" />
    <property name="javac.includes.binary" value="D:\mark\Dropbox\kordev_repo\kordev\SchoolPairingFX2\build\test\classes\TestPairing.class" />
    <property name="ant.home" value="C:\Program Files\NetBeans 7.2.1\java\ant" />
    <property name="libs.junit_4.src" value="C:\Program Files\NetBeans 7.2.1\java\docs\junit-4.10-sources.jar" />
    <property name="javafx.run.height" value="600" />
    <property name="libs.testng.classpath" value="C:\Program Files\NetBeans 7.2.1\platform\modules\ext\testng-6.5.1-dist.jar" />
    <property name="libs.absolutelayout.maven-pom" value="" />
    <property name="ant.java.version" value="1.7" />
    <property name="java.library.path" value="C:\Program Files\Java\jdk1.7.0_03\bin;C:\Windows\Sun\Java\bin;C:\Windows\system32;C:\Windows;C:\Program Files (x86)\HP SimplePass 2012\;C:\Program Files (x86)\AMD APP\bin\x86_64;C:\Program Files (x86)\AMD APP\bin\x86;C:\Program Files\Common Files\Microsoft Shared\Windows Live;C:\Program Files (x86)\Common Files\Microsoft Shared\Windows Live;C:\Windows\system32;C:\Windows;C:\Windows\System32\Wbem;C:\Windows\System32\WindowsPowerShell\v1.0\;C:\Program Files (x86)\Windows Live\Shared;C:\Program Files (x86)\ATI Technologies\ATI.ACE\Core-Static;C:\Program Files (x86)\Intel\Services\IPT\;C:\Program Files (x86)\Calibre2\;C:\Program Files\Intel\WiFi\bin\;C:\Program Files\Common Files\Intel\WirelessCommon\;C:\Program Files (x86)\Belgium Identity Card;C:\Program Files\nodejs\;C:\Program Files\Intel\WiFi\bin\;C:\Program Files\Common Files\Intel\WirelessCommon\;C:\Program Files (x86)\FreeArc\bin;D:\mark\mongo\mongodb-win32-x86_64-2008plus-2.4.3\bin;D:\mark\mongo\apache-maven-3.0.5\bin;D:\mark\Python27\;D:\mark\tmp\hans\gradle-1.8-all\gradle-1.8\bin;C:\Users\mim\AppData\Roaming\npm;D:\mark\java\grails-2.3.3\bin;D:\mark\java\springboot\spring-0.5.0.M6\bin;C:\Program Files\Java\jre7\bin;." />
    <property name="javadoc.author" value="false" />
    <property name="manifest.available+main.class-mkdist.available" value="true" />
    <property name="java.util.logging.config.class" value="org.netbeans.core.startup.TopLogging" />
    <property name="libs.PostgreSQLDriver.src" value="" />
    <property name="libs.tiwulfx.classpath" value="D:\mark\Dropbox\kordev_repo\kordev\tiwulfx_v1.1_final\tiwulfx_v1.1_final\tiwulfx.jar;D:\mark\Dropbox\kordev_repo\kordev\tiwulfx_v1.1_final\tiwulfx_v1.1_final\lib\commons-beanutils-core-1.8.3.jar;D:\mark\Dropbox\kordev_repo\kordev\tiwulfx_v1.1_final\tiwulfx_v1.1_final\lib\commons-logging-1.1.1.jar;D:\mark\Dropbox\kordev_repo\kordev\tiwulfx_v1.1_final\tiwulfx_v1.1_final\lib\poi-3.8-20120326.jar" />
    <property name="application.splash" value="D:\mark\Dropbox\kordev_repo\kordev\SchoolPairingFX2\src\img\chess-world-intelligence-abstract-chessboard-hd-wallpaper-69361.jpg" />
    <property name="sun.arch.data.model" value="64" />
    <property name="basedir" value="D:\mark\Dropbox\kordev_repo\kordev\SchoolPairingFX2" />
    <property name="libs.jpa20-persistence.maven-pom" value="" />
    <property name="jar.compress" value="true" />
    <property name="libs.Hazelcast.src" value="" />
    <property name="auxiliary.org-netbeans-modules-editor-indent.CodeStyle.project.text-limit-width" value="80" />
    <property name="path.separator" value=";" />
    <property name="ant.junit.enabletestlistenerevents" value="true" />
    <property name="platform.javac" value="C:\Program Files\Java\jdk1.7.0_03/bin/javac" />
    <property name="sun.io.unicode.encoding" value="UnicodeLittle" />
    <property name="libs.jaxws21.classpath" value="C:\Program Files\NetBeans 7.2.1\ide\modules\ext\jaxb\jaxb-impl.jar;C:\Program Files\NetBeans 7.2.1\ide\modules\ext\jaxb\jaxb-xjc.jar;C:\Program Files\NetBeans 7.2.1\java\modules\ext\jaxws22\FastInfoset.jar;C:\Program Files\NetBeans 7.2.1\java\modules\ext\jaxws22\gmbal-api-only.jar;C:\Program Files\NetBeans 7.2.1\java\modules\ext\jaxws22\ha-api.jar;C:\Program Files\NetBeans 7.2.1\java\modules\ext\jaxws22\javax.mail_1.4.jar;C:\Program Files\NetBeans 7.2.1\java\modules\ext\jaxws22\jaxws-rt.jar;C:\Program Files\NetBeans 7.2.1\java\modules\ext\jaxws22\jaxws-tools.jar;C:\Program Files\NetBeans 7.2.1\java\modules\ext\jaxws22\management-api.jar;C:\Program Files\NetBeans 7.2.1\java\modules\ext\jaxws22\mimepull.jar;C:\Program Files\NetBeans 7.2.1\java\modules\ext\jaxws22\policy.jar;C:\Program Files\NetBeans 7.2.1\java\modules\ext\jaxws22\saaj-impl.jar;C:\Program Files\NetBeans 7.2.1\java\modules\ext\jaxws22\stax-ex.jar;C:\Program Files\NetBeans 7.2.1\java\modules\ext\jaxws22\stax2-api.jar;C:\Program Files\NetBeans 7.2.1\java\modules\ext\jaxws22\streambuffer.jar;C:\Program Files\NetBeans 7.2.1\java\modules\ext\jaxws22\woodstox-core-asl.jar;C:\Program Files\NetBeans 7.2.1\java\modules\ext\jaxws22\api\jaxws-api.jar;C:\Program Files\NetBeans 7.2.1\java\modules\ext\jaxws22\api\jsr181-api.jar;C:\Program Files\NetBeans 7.2.1\java\modules\ext\jaxws22\api\javax.annotation.jar;C:\Program Files\NetBeans 7.2.1\java\modules\ext\jaxws22\api\saaj-api.jar;C:\Program Files\NetBeans 7.2.1\ide\modules\ext\jaxb\activation.jar;C:\Program Files\NetBeans 7.2.1\ide\modules\ext\jaxb\api\jaxb-api.jar;C:\Program Files\NetBeans 7.2.1\ide\modules\ext\jaxb\api\jsr173_1.0_api.jar" />
    <property name="compile.on.save" value="true" />
    <property name="apple.awt.graphics.UseQuartz" value="true" />
    <property name="user.language" value="en" />
    <property name="testng.mode" value="testng" />
    <property name="libs.JAXB-ENDORSED.maven-pom" value="" />
    <property name="libs.Jetty.src" value="" />
    <property name="libs.spring-framework.classpath" value="C:\Program Files\NetBeans 7.2.1\ide\modules\org-apache-commons-logging.jar;C:\Program Files\NetBeans 7.2.1\java\modules\ext\cglib-2.2.jar;C:\Program Files\NetBeans 7.2.1\java\modules\ext\spring\spring-2.5.6.SEC03.jar" />
    <property name="libs.eclipselink.maven-pom" value="" />
    <property name="application.vendor" value="Mark Dechamps" />
    <property name="manifest.available" value="true" />
    <property name="libs.spring-framework300.maven-pom" value="" />
    <property name="run.test.classpath" value="C:\Program Files\Java\jdk1.7.0_13\jre/lib/jfxrt.jar:C:\Program Files\Java\jdk1.7.0_13\jre/lib/deploy.jar:C:\Program Files\Java\jdk1.7.0_13\jre/lib/javaws.jar:C:\Program Files\Java\jdk1.7.0_13\jre/lib/plugin.jar:javafx-dialogs-0.0.3.jar:D:\mark\Dropbox\kordev_repo\kordev\simple-xml-2.7.1\jar\simple-xml-2.7.1.jar:D:\mark\Dropbox\kordev_repo\kordev\SchoolPairingFX2\lib\poi-3.9-20121203.jar;D:\mark\Dropbox\kordev_repo\kordev\SchoolPairingFX2\lib\poi-ooxml-3.9-20121203.jar;D:\mark\Dropbox\kordev_repo\kordev\SchoolPairingFX2\lib\xmlbeans-2.3.0.jar;D:\mark\Dropbox\kordev_repo\kordev\SchoolPairingFX2\lib\poi-ooxml-schemas-3.9-20121203.jar;D:\mark\Dropbox\kordev_repo\kordev\SchoolPairingFX2\lib\stax-api-1.0.1.jar;D:\mark\Dropbox\kordev_repo\kordev\SchoolPairingFX2\lib\dom4j-1.6.1.jar:../PairFXLib/dist/PairFXLib.jar:build/classes:C:\Program Files\NetBeans 7.2.1\platform\modules\ext\junit-4.10.jar:build/test/classes" />
    <property name="ant.project.invoked-targets" value="test-single" />
    <property name="libs.swing-layout.javadoc" value="C:\Program Files\NetBeans 7.2.1\platform\docs\swing-layout-1.0.4-doc.zip" />
    <property name="libs.ejb3-persistence.maven-pom" value="" />
    <property name="libs.PostgreSQLDriver.maven-pom" value="" />
    <property name="java.class.version" value="51.0" />
    <property name="libs.JAVADB_DRIVER_LABEL.classpath" value="C:\Program Files\Java\jdk1.7.0_03\db\lib\derby.jar;C:\Program Files\Java\jdk1.7.0_03\db\lib\derbyclient.jar;C:\Program Files\Java\jdk1.7.0_03\db\lib\derbynet.jar" />
    <property name="netbeans.system_http_proxy" value="DIRECT" />
    <property name="libs.eclipselink.javadoc" value="" />
    <property name="do.depend.true" value="true" />
    <property name="javafx.signing.keystore.password" value="dummy" />
    <property name="user.properties.file" value="C:\Users\mim\AppData\Roaming\NetBeans\7.2.1\build.properties" />
    <property name="runtime.encoding" value="UTF-8" />
    <property name="javafx.rebase.libs" value="false" />
    <property name="libs.spring-framework.src" value="" />
    <property name="libs.javac-api.maven-pom" value="" />
    <property name="file.encoding.pkg" value="sun.io" />
    <property name="sun.cpu.endian" value="little" />
    <property name="libs.JAXB-ENDORSED.javadoc" value="" />
    <property name="libs.JWSAntTasks.classpath" value="C:\Program Files\NetBeans 7.2.1\java\ant\extra\org-netbeans-modules-javawebstart-anttasks.jar" />
    <property name="libs.Apache commons lang.maven-pom" value="" />
    <property name="libs.spring-framework300.src" value="" />
    <property name="ant.file.SchoolPairingFX2" value="D:\mark\Dropbox\kordev_repo\kordev\SchoolPairingFX2\build.xml" />
    <property name="empty.dir" value="D:\mark\Dropbox\kordev_repo\kordev\SchoolPairingFX2\build\empty" />
    <property name="javafx.deploy.backgroundupdate" value="false" />
    <property name="libs.Apache POI.classpath" value="D:\mark\Dropbox\kordev_repo\kordev\SchoolPairingFX2\lib\poi-3.9-20121203.jar;D:\mark\Dropbox\kordev_repo\kordev\SchoolPairingFX2\lib\poi-ooxml-3.9-20121203.jar;D:\mark\Dropbox\kordev_repo\kordev\SchoolPairingFX2\lib\xmlbeans-2.3.0.jar;D:\mark\Dropbox\kordev_repo\kordev\SchoolPairingFX2\lib\poi-ooxml-schemas-3.9-20121203.jar;D:\mark\Dropbox\kordev_repo\kordev\SchoolPairingFX2\lib\stax-api-1.0.1.jar;D:\mark\Dropbox\kordev_repo\kordev\SchoolPairingFX2\lib\dom4j-1.6.1.jar" />
    <property name="version-output" value="java version &quot;1.7.0_03&quot;&#xd;&#xa;Java(TM) SE Runtime Environment (build 1.7.0_03-b05)&#xd;&#xa;Java HotSpot(TM) 64-Bit Server VM (build 22.1-b02, mixed mode)" />
    <property name="javafx.preloader.jar.path" value="" />
    <property name="javadoc.preview" value="true" />
    <property name="auxiliary.org-netbeans-modules-editor-indent.CodeStyle.usedProfile" value="project" />
    <property name="libs.jpa20-persistence.javadoc" value="" />
    <property name="libs.JSOUP.src" value="" />
    <property name="nbplatform.default.harness.dir" value="C:\Program Files\NetBeans 7.2.1/harness" />
    <property name="java.home" value="C:\Program Files\Java\jdk1.7.0_03\jre" />
    <property name="debug.test.classpath" value="C:\Program Files\Java\jdk1.7.0_13\jre/lib/jfxrt.jar:C:\Program Files\Java\jdk1.7.0_13\jre/lib/deploy.jar:C:\Program Files\Java\jdk1.7.0_13\jre/lib/javaws.jar:C:\Program Files\Java\jdk1.7.0_13\jre/lib/plugin.jar:javafx-dialogs-0.0.3.jar:D:\mark\Dropbox\kordev_repo\kordev\simple-xml-2.7.1\jar\simple-xml-2.7.1.jar:D:\mark\Dropbox\kordev_repo\kordev\SchoolPairingFX2\lib\poi-3.9-20121203.jar;D:\mark\Dropbox\kordev_repo\kordev\SchoolPairingFX2\lib\poi-ooxml-3.9-20121203.jar;D:\mark\Dropbox\kordev_repo\kordev\SchoolPairingFX2\lib\xmlbeans-2.3.0.jar;D:\mark\Dropbox\kordev_repo\kordev\SchoolPairingFX2\lib\poi-ooxml-schemas-3.9-20121203.jar;D:\mark\Dropbox\kordev_repo\kordev\SchoolPairingFX2\lib\stax-api-1.0.1.jar;D:\mark\Dropbox\kordev_repo\kordev\SchoolPairingFX2\lib\dom4j-1.6.1.jar:../PairFXLib/dist/PairFXLib.jar:build/classes:C:\Program Files\NetBeans 7.2.1\platform\modules\ext\junit-4.10.jar:build/test/classes" />
    <property name="file.reference.javafx-dialogs-0.0.3.jar" value="javafx-dialogs-0.0.3.jar" />
    <property name="netbeans.importclass" value="org.netbeans.upgrade.AutoUpgrade" />
    <property name="ant.project.default-target" value="default" />
    <property name="annotation.processing.run.all.processors" value="true" />
    <property name="libs.JSOUP.javadoc" value="" />
    <property name="jar.archive.disabled" value="true" />
    <property name="jnlp.signing.alias" value="" />
    <property name="libs.simple-xml.javadoc" value="" />
    <property name="libs.PostgreSQLDriver.javadoc" value="" />
    <property name="javafx.main.class" value="schoolpairingfx.SchoolPairingFX" />
    <property name="libs.MySQLDriver.maven-pom" value="" />
    <property name="libs.junit_4.javadoc" value="C:\Program Files\NetBeans 7.2.1\java\docs\junit-4.10-javadoc.jar" />
    <property name="run.classpath" value="dist/PairFX.jar:C:\Program Files\Java\jdk1.7.0_13\jre/lib/jfxrt.jar:C:\Program Files\Java\jdk1.7.0_13\jre/lib/deploy.jar:C:\Program Files\Java\jdk1.7.0_13\jre/lib/javaws.jar:C:\Program Files\Java\jdk1.7.0_13\jre/lib/plugin.jar:javafx-dialogs-0.0.3.jar:D:\mark\Dropbox\kordev_repo\kordev\simple-xml-2.7.1\jar\simple-xml-2.7.1.jar:D:\mark\Dropbox\kordev_repo\kordev\SchoolPairingFX2\lib\poi-3.9-20121203.jar;D:\mark\Dropbox\kordev_repo\kordev\SchoolPairingFX2\lib\poi-ooxml-3.9-20121203.jar;D:\mark\Dropbox\kordev_repo\kordev\SchoolPairingFX2\lib\xmlbeans-2.3.0.jar;D:\mark\Dropbox\kordev_repo\kordev\SchoolPairingFX2\lib\poi-ooxml-schemas-3.9-20121203.jar;D:\mark\Dropbox\kordev_repo\kordev\SchoolPairingFX2\lib\stax-api-1.0.1.jar;D:\mark\Dropbox\kordev_repo\kordev\SchoolPairingFX2\lib\dom4j-1.6.1.jar:../PairFXLib/dist/PairFXLib.jar" />
    <property name="libs.hibernate-support.src" value="" />
    <property name="endorsed.javafx.ant.classpath" value="." />
    <property name="jna.boot.library.name" value="jnidispatch-340" />
    <property name="libs.web.javadoc" value="" />
    <property name="annotation.processing.enabled.in.editor" value="false" />
    <property name="auxiliary.org-netbeans-modules-editor-indent.CodeStyle.project.indent-shift-width" value="4" />
    <property name="auxiliary.org-netbeans-modules-editor-indent.CodeStyle.project.text-line-wrap" value="none" />
    <property name="auxiliary.org-netbeans-modules-editor-indent.CodeStyle.project.expand-tabs" value="true" />
    <property name="sun.management.compiler" value="HotSpot 64-Bit Tiered Compilers" />
    <property name="libs.simple-xml.classpath" value="D:\mark\Dropbox\kordev_repo\kordev\simple-xml-2.7.1\jar\simple-xml-2.7.1.jar" />
    <property name="javac.deprecation" value="true" />
    <property name="javadoc.use" value="true" />
    <property name="sun.java2d.noddraw" value="true" />
    <property name="libs.Jetty.maven-pom" value="" />
    <property name="javac.processorpath" value="C:\Program Files\Java\jdk1.7.0_13\jre/lib/jfxrt.jar:C:\Program Files\Java\jdk1.7.0_13\jre/lib/deploy.jar:C:\Program Files\Java\jdk1.7.0_13\jre/lib/javaws.jar:C:\Program Files\Java\jdk1.7.0_13\jre/lib/plugin.jar:javafx-dialogs-0.0.3.jar:D:\mark\Dropbox\kordev_repo\kordev\simple-xml-2.7.1\jar\simple-xml-2.7.1.jar:D:\mark\Dropbox\kordev_repo\kordev\SchoolPairingFX2\lib\poi-3.9-20121203.jar;D:\mark\Dropbox\kordev_repo\kordev\SchoolPairingFX2\lib\poi-ooxml-3.9-20121203.jar;D:\mark\Dropbox\kordev_repo\kordev\SchoolPairingFX2\lib\xmlbeans-2.3.0.jar;D:\mark\Dropbox\kordev_repo\kordev\SchoolPairingFX2\lib\poi-ooxml-schemas-3.9-20121203.jar;D:\mark\Dropbox\kordev_repo\kordev\SchoolPairingFX2\lib\stax-api-1.0.1.jar;D:\mark\Dropbox\kordev_repo\kordev\SchoolPairingFX2\lib\dom4j-1.6.1.jar:../PairFXLib/dist/PairFXLib.jar" />
    <property name="libs.Apache commons lang.src" value="" />
    <property name="javac.compilerargs" value="" />
    <property name="ant.file" value="D:\mark\Dropbox\kordev_repo\kordev\SchoolPairingFX2\build.xml" />
    <property name="libs.beans-binding.maven-pom" value="" />
    <property name="jnlp.codebase.type" value="no.codebase" />
    <property name="libs.simpl-xml.javadoc" value="" />
    <property name="libs.JSOUP.classpath" value="D:\mark\Dropbox\kordev_repo\kordev\jsoup\lib\jsoup-1.6.3.jar" />
    <property name="javafx.signing.type" value="self" />
    <property name="libs.beans-binding.src" value="" />
    <property name="platforms.JDK_1.7.13.bootclasspath" value="C:\Program Files\Java\jdk1.7.0_13\jre\lib\resources.jar;C:\Program Files\Java\jdk1.7.0_13\jre\lib\rt.jar;C:\Program Files\Java\jdk1.7.0_13\jre\lib\sunrsasign.jar;C:\Program Files\Java\jdk1.7.0_13\jre\lib\jsse.jar;C:\Program Files\Java\jdk1.7.0_13\jre\lib\jce.jar;C:\Program Files\Java\jdk1.7.0_13\jre\lib\charsets.jar;C:\Program Files\Java\jdk1.7.0_13\jre\lib\jfr.jar;C:\Program Files\Java\jdk1.7.0_13\jre\classes;C:\Program Files\Java\jdk1.7.0_13\jre\lib\ext\access-bridge-64.jar;C:\Program Files\Java\jdk1.7.0_13\jre\lib\ext\dnsns.jar;C:\Program Files\Java\jdk1.7.0_13\jre\lib\ext\jaccess.jar;C:\Program Files\Java\jdk1.7.0_13\jre\lib\ext\localedata.jar;C:\Program Files\Java\jdk1.7.0_13\jre\lib\ext\sunec.jar;C:\Program Files\Java\jdk1.7.0_13\jre\lib\ext\sunjce_provider.jar;C:\Program Files\Java\jdk1.7.0_13\jre\lib\ext\sunmscapi.jar;C:\Program Files\Java\jdk1.7.0_13\jre\lib\ext\zipfs.jar" />
    <property name="java.vm.specification.vendor" value="Oracle Corporation" />
    <property name="libs.swing-layout.src" value="C:\Program Files\NetBeans 7.2.1\platform\docs\swing-layout-1.0.4-src.zip" />
    <property name="org.openide.major.version" value="IDE/1" />
    <property name="java.vm.name" value="Java HotSpot(TM) 64-Bit Server VM" />
    <property name="javafx.preloader.jar.filename" value="" />
    <property name="platforms.Default_JavaFX_Platform.compiler" value="modern" />
    <property name="platforms.JDK_1.7.13.compiler" value="modern" />
    <property name="netbeans.user" value="C:\Users\mim\AppData\Roaming\NetBeans\7.2.1" />
    <property name="javadoc.additionalparam" value="" />
    <property name="jnlp.offline-allowed" value="false" />
    <property name="java.io.tmpdir" value="C:\Users\mim\AppData\Local\Temp\" />
    <property name="javafx.run.inbrowser.path" value="C:\Program Files (x86)\Mozilla Firefox\firefox.exe" />
    <property name="java.vendor.url" value="http://java.oracle.com/" />
    <property name="endorsed.classpath.cmd.line.arg" value="" />
    <property name="junit.available" value="true" />
    <property name="libs.simple-xml.src" value="" />
    <property name="org.openide.awt.ActionReference.completion" value="org.netbeans.modules.apisupport.project.layers.PathCompletions" />
    <property name="libs.Apache commons lang.javadoc" value="" />
    <property name="sun.boot.library.path" value="C:\Program Files\Java\jdk1.7.0_03\jre\bin" />
    <property name="have.sources" value="true" />
    <property name="debug.classpath" value="dist/PairFX.jar:C:\Program Files\Java\jdk1.7.0_13\jre/lib/jfxrt.jar:C:\Program Files\Java\jdk1.7.0_13\jre/lib/deploy.jar:C:\Program Files\Java\jdk1.7.0_13\jre/lib/javaws.jar:C:\Program Files\Java\jdk1.7.0_13\jre/lib/plugin.jar:javafx-dialogs-0.0.3.jar:D:\mark\Dropbox\kordev_repo\kordev\simple-xml-2.7.1\jar\simple-xml-2.7.1.jar:D:\mark\Dropbox\kordev_repo\kordev\SchoolPairingFX2\lib\poi-3.9-20121203.jar;D:\mark\Dropbox\kordev_repo\kordev\SchoolPairingFX2\lib\poi-ooxml-3.9-20121203.jar;D:\mark\Dropbox\kordev_repo\kordev\SchoolPairingFX2\lib\xmlbeans-2.3.0.jar;D:\mark\Dropbox\kordev_repo\kordev\SchoolPairingFX2\lib\poi-ooxml-schemas-3.9-20121203.jar;D:\mark\Dropbox\kordev_repo\kordev\SchoolPairingFX2\lib\stax-api-1.0.1.jar;D:\mark\Dropbox\kordev_repo\kordev\SchoolPairingFX2\lib\dom4j-1.6.1.jar:../PairFXLib/dist/PairFXLib.jar" />
    <property name="javadoc.private" value="false" />
    <property name="test.src.dir" value="test" />
    <property name="ap.processors.internal" value="" />
    <property name="meta.inf.dir" value="src/META-INF" />
    <property name="javadoc.encoding.used" value="UTF-8" />
    <property name="dist.jar" value="dist/PairFX.jar" />
    <property name="libs.tiwulfx.src" value="" />
    <property name="java.runtime.name" value="Java(TM) SE Runtime Environment" />
    <property name="ant.project.name" value="SchoolPairingFX2" />
    <property name="netbeans.hash.code" value="unique=NB_JAVA078ae09e4-e6f2-42d9-be22-f1712588604b_3c89f5c7-1a2e-4be6-aa3b-b51a305c6336" />
    <property name="netbeans.default_userdir_root" value="C:\Users\mim\AppData\Roaming\NetBeans" />
    <property name="platform.javadoc" value="C:\Program Files\Java\jdk1.7.0_03/bin/javadoc" />
    <property name="platform.javadoc.tmp" value="${platforms.Default_JavaFX_Platform.javadoc}" />
    <property name="manifest.available-mkdist.available" value="true" />
    <property name="sun.cpu.isalist" value="amd64" />
    <property name="libs.CopyLibs.javadoc" value="" />
    <property name="platform.compiler" value="${platforms.Default_JavaFX_Platform.compile}" />
    <property name="org.openide.specification.version" value="6.2" />
    <property name="libs.hibernate-support.classpath" value="C:\Program Files\NetBeans 7.2.1\java\modules\ext\hibernate\antlr-2.7.6.jar;C:\Program Files\NetBeans 7.2.1\java\modules\ext\hibernate\asm.jar;C:\Program Files\NetBeans 7.2.1\java\modules\ext\hibernate\asm-attrs.jar;C:\Program Files\NetBeans 7.2.1\java\modules\ext\hibernate\cglib-2.1.3.jar;C:\Program Files\NetBeans 7.2.1\java\modules\ext\hibernate\commons-collections-2.1.1.jar;C:\Program Files\NetBeans 7.2.1\ide\modules\org-apache-commons-logging.jar;C:\Program Files\NetBeans 7.2.1\java\modules\ext\hibernate\dom4j-1.6.1.jar;C:\Program Files\NetBeans 7.2.1\java\modules\ext\hibernate\ehcache-1.2.3.jar;C:\Program Files\NetBeans 7.2.1\java\modules\ext\hibernate\jdbc2_0-stdext.jar;C:\Program Files\NetBeans 7.2.1\java\modules\ext\hibernate\jta.jar;C:\Program Files\NetBeans 7.2.1\java\modules\ext\hibernate\hibernate3.jar;C:\Program Files\NetBeans 7.2.1\java\modules\ext\hibernate\hibernate-tools.jar;C:\Program Files\NetBeans 7.2.1\java\modules\ext\hibernate\hibernate-annotations.jar;C:\Program Files\NetBeans 7.2.1\java\modules\ext\hibernate\hibernate-commons-annotations.jar;C:\Program Files\NetBeans 7.2.1\java\modules\ext\hibernate\hibernate-entitymanager.jar;C:\Program Files\NetBeans 7.2.1\java\modules\ext\hibernate\javassist.jar" />
    <property name="user.home" value="C:\Users\mim" />
    <property name="annotation.processing.processors.list" value="" />
    <property name="debug-args-line" value="-Xdebug" />
    <property name="platform.javac.tmp" value="${platforms.Default_JavaFX_Platform.javac}" />
    <property name="libs.JWSAntTasks.src" value="" />
    <property name="jar.index" value="false" />
    <property name="libs.CopyLibs.maven-pom" value="" />
    <property name="libs.spring-framework300.javadoc" value="" />
    <property name="libs.hibernate-persistence.maven-pom" value="" />
    <property name="libs.absolutelayout.javadoc" value="" />
    <property name="guice.disable.misplaced.annotation.check" value="true" />
    <property name="java.specification.name" value="Java Platform API Specification" />
    <property name="ant.file.type.PairFX-impl" value="file" />
    <property name="jnlp.mixed.code" value="default" />
    <property name="libs.web.classpath" value="D:\mark\Dropbox\kordev_repo\kordev\SchoolPairingFX2\lib\winstone-0.9.9.jar" />
    <property name="java.specification.vendor" value="Oracle Corporation" />
    <property name="libs.javac-api.classpath" value="C:\Program Files\NetBeans 7.2.1\java\modules\ext\nb-javac-api.jar" />
    <property name="platforms.Default_JavaFX_Platform.javafx.runtime.home" value="C:\Program Files\Java\jdk1.7.0_13\jre" />
    <property name="java.version" value="1.7.0_03" />
    <property name="run.jvmargs.ide" value="" />
    <property name="javadoc.version" value="false" />
    <property name="libs.MySQLDriver.javadoc" value="" />
    <property name="org.openide.version" value="deprecated" />
    <property name="platform.java" value="C:\Program Files\Java\jdk1.7.0_03/bin/java" />
    <property name="source.encoding" value="UTF-8" />
    <property name="libs.Hazelcast.maven-pom" value="" />
    <property name="ap.cmd.line.internal" value="" />
    <property name="libs.eclipselinkmodelgen.maven-pom" value="" />
    <property name="libs.simpl-xml.maven-pom" value="" />
    <property name="ant.file.type.jfx-impl" value="file" />
    <property name="libs.junit.maven-pom" value="" />
    <property name="libs.eclipselinkmodelgen.javadoc" value="" />
    <property name="ant.file.jfx-impl" value="D:\mark\Dropbox\kordev_repo\kordev\SchoolPairingFX2\nbproject\jfx-impl.xml" />
    <property name="netbeans.home+have.tests" value="true" />
    <property name="javafx.deploy.adddesktopshortcut" value="false" />
    <property name="annotation.processing.processor.options" value="" />
    <property name="libs.testng.maven-pom" value="" />
    <property name="libs.jaxb.src" value="" />
    <property name="project.PairFXLib" value="../PairFXLib" />
    <property name="work.dir" value="D:\mark\Dropbox\kordev_repo\kordev\SchoolPairingFX2" />
    <property name="compile.on.save.unsupported.javafx" value="true" />
    <property name="libs.jaxb.classpath" value="C:\Program Files\NetBeans 7.2.1\ide\modules\ext\jaxb\jaxb-impl.jar;C:\Program Files\NetBeans 7.2.1\ide\modules\ext\jaxb\jaxb-xjc.jar;C:\Program Files\NetBeans 7.2.1\ide\modules\ext\jaxb\jaxb1-impl.jar;C:\Program Files\NetBeans 7.2.1\ide\modules\ext\jaxb\activation.jar;C:\Program Files\NetBeans 7.2.1\ide\modules\ext\jaxb\api\jaxb-api.jar;C:\Program Files\NetBeans 7.2.1\ide\modules\ext\jaxb\api\jsr173_1.0_api.jar" />
    <property name="libs.tiwulfx.maven-pom" value="" />
    <property name="do.depend" value="true" />
    <property name="dist.javadoc.dir" value="dist/javadoc" />
    <property name="libs.swing-layout.classpath" value="C:\Program Files\NetBeans 7.2.1\platform\modules\ext\swing-layout-1.0.4.jar" />
    <property name="platforms.JDK_1.7.13.home" value="C:\Program Files\Java\jdk1.7.0_13" />
    <property name="javac.source" value="1.7" />
    <property name="build.generated.dir" value="build/generated" />
    <property name="libs.Hazelcast.javadoc" value="" />
    <property name="javafx.fallback.class" value="com.javafx.main.NoJavaFXFallback" />
    <property name="libs.hibernate-persistence.src" value="" />
    <property name="auxiliary.org-netbeans-modules-editor-indent.CodeStyle.project.tab-size" value="8" />
    <property name="line.separator" value="&#xd;&#xa;" />
    <property name="java.specification.version" value="1.7" />
    <property name="java.vm.info" value="mixed mode" />
    <property name="libs.jaxws21.maven-pom" value="" />
    <property name="nb.junit.batch" value="true" />
    <property name="junit.forkmode" value="perTest" />
    <property name="user.country.format" value="BE" />
    <property name="platform.java.tmp" value="${platforms.Default_JavaFX_Platform.java}" />
    <property name="libs.spring-framework.maven-pom" value="" />
    <property name="sun.boot.class.path" value="C:\Program Files\Java\jdk1.7.0_03\jre\lib\resources.jar;C:\Program Files\Java\jdk1.7.0_03\jre\lib\rt.jar;C:\Program Files\Java\jdk1.7.0_03\jre\lib\sunrsasign.jar;C:\Program Files\Java\jdk1.7.0_03\jre\lib\jsse.jar;C:\Program Files\Java\jdk1.7.0_03\jre\lib\jce.jar;C:\Program Files\Java\jdk1.7.0_03\jre\lib\charsets.jar;C:\Program Files\Java\jdk1.7.0_03\jre\classes" />
    <property name="javac.target" value="1.7" />
    <property name="built-jar.properties" value="D:\mark\Dropbox\kordev_repo\kordev\SchoolPairingFX2\build\built-jar.properties" />
    <property name="build.test.classes.dir" value="build/test/classes" />
    <property name="javafx.deploy.permissionselevated" value="false" />
    <property name="src.dir" value="src" />
    <property name="platforms.Default_JavaFX_Platform.bootclasspath" value="C:\Program Files\Java\jdk1.7.0_03\jre\lib\resources.jar;C:\Program Files\Java\jdk1.7.0_03\jre\lib\rt.jar;C:\Program Files\Java\jdk1.7.0_03\jre\lib\sunrsasign.jar;C:\Program Files\Java\jdk1.7.0_03\jre\lib\jsse.jar;C:\Program Files\Java\jdk1.7.0_03\jre\lib\jce.jar;C:\Program Files\Java\jdk1.7.0_03\jre\lib\charsets.jar;C:\Program Files\Java\jdk1.7.0_03\jre\classes;C:\Program Files\Java\jdk1.7.0_03\jre\lib\ext\dnsns.jar;C:\Program Files\Java\jdk1.7.0_03\jre\lib\ext\localedata.jar;C:\Program Files\Java\jdk1.7.0_03\jre\lib\ext\sunec.jar;C:\Program Files\Java\jdk1.7.0_03\jre\lib\ext\sunjce_provider.jar;C:\Program Files\Java\jdk1.7.0_03\jre\lib\ext\sunmscapi.jar;C:\Program Files\Java\jdk1.7.0_03\jre\lib\ext\zipfs.jar" />
    <property name="sun.awt.keepWorkingSetOnMinimize" value="true" />
    <property name="annotation.processing.enabled" value="true" />
    <property name="libs.jpa20-persistence.src" value="" />
    <property name="auxiliary.org-netbeans-modules-editor-indent.CodeStyle.project.spaces-per-tab" value="4" />
    <property name="libs.JAVADB_DRIVER_LABEL.maven-pom" value="" />
    <property name="nbplatform.default.netbeans.dest.dir" value="C:\Program Files\NetBeans 7.2.1" />
    <property name="ignore.failing.tests" value="true" />
    <property name="javafx.deploy.embedJNLP" value="true" />
    <property name="dist.dir" value="dist" />
    <property name="libs.groovy-all.javadoc" value="" />
    <property name="testng.debug.mode" value="" />
    <property name="libs.groovy-all.classpath" value="C:\Program Files\NetBeans 7.2.1\groovy\modules\ext\groovy-all.jar" />
    <property name="java.awt.printerjob" value="sun.awt.windows.WPrinterJob" />
    <property name="default.javac.source" value="1.7" />
    <property name="debug-transport-by-os" value="dt_shmem" />
    <property name="sun.jnu.encoding" value="Cp1252" />
    <property name="libs.MySQLDriver.src" value="" />
    <property name="java.runtime.version" value="1.7.0_03-b05" />
    <property name="build.test.results.dir" value="build/test/results" />
    <property name="libs.ejb3-persistence.javadoc" value="" />
    <property name="javafx.run.inbrowser" value="&lt;Default System Browser&gt;" />
    <property name="libs.Apache POI.maven-pom" value="" />
    <property name="default.javac.target" value="1.7" />
    <property name="libs.junit_4.classpath" value="C:\Program Files\NetBeans 7.2.1\platform\modules\ext\junit-4.10.jar" />
    <property name="user.timezone" value="" />
    <property name="nb.junit.single" value="false" />
    <property name="application.homepage" value="http://www.mdconsulting.be/pairfx" />
    <property name="do.jar" value="true" />
    <property name="libs.JAVADB_DRIVER_LABEL.javadoc" value="" />
    <property name="javafx.signing.keyalias.password" value="dummy" />
    <property name="platforms.Default_JavaFX_Platform.javafx.sdk.home" value="C:\Program Files\Java\jdk1.8.0" />
    <property name="netbeans.dirs" value="C:\Program Files\NetBeans 7.2.1\nb;C:\Program Files\NetBeans 7.2.1\ergonomics;C:\Program Files\NetBeans 7.2.1\ide;C:\Program Files\NetBeans 7.2.1\java;C:\Program Files\NetBeans 7.2.1\apisupport;C:\Program Files\NetBeans 7.2.1\webcommon;C:\Program Files\NetBeans 7.2.1\websvccommon;C:\Program Files\NetBeans 7.2.1\enterprise;C:\Program Files\NetBeans 7.2.1\mobility;C:\Program Files\NetBeans 7.2.1\profiler;C:\Program Files\NetBeans 7.2.1\python;C:\Program Files\NetBeans 7.2.1\php;C:\Program Files\NetBeans 7.2.1\identity;C:\Program Files\NetBeans 7.2.1\harness;C:\Program Files\NetBeans 7.2.1\cnd;C:\Program Files\NetBeans 7.2.1\dlight;C:\Program Files\NetBeans 7.2.1\groovy;C:\Program Files\NetBeans 7.2.1\extra;C:\Program Files\NetBeans 7.2.1\javacard;C:\Program Files\NetBeans 7.2.1\javafx" />
    <property name="java.ext.dirs" value="C:\Program Files\Java\jdk1.7.0_03\jre\lib\ext;C:\Windows\Sun\Java\lib\ext" />
    <property name="ant.file.PairFX-impl" value="D:\mark\Dropbox\kordev_repo\kordev\SchoolPairingFX2\nbproject\build-impl.xml" />
    <property name="endorsed.classpath" value="" />
    <property name="libs.absolutelayout.classpath" value="C:\Program Files\NetBeans 7.2.1\java\modules\ext\AbsoluteLayout.jar" />
    <property name="excludes" value="" />
    <property name="libs.simpl-xml.src" value="" />
    <property name="apple.laf.useScreenMenuBar" value="true" />
    <property name="java.class.path" value="C:\Program Files\Java\jdk1.7.0_13\jre\lib\jfxrt.jar;C:\Program Files\Java\jdk1.7.0_13\jre\lib\deploy.jar;C:\Program Files\Java\jdk1.7.0_13\jre\lib\javaws.jar;C:\Program Files\Java\jdk1.7.0_13\jre\lib\plugin.jar;D:\mark\Dropbox\kordev_repo\kordev\SchoolPairingFX2\javafx-dialogs-0.0.3.jar;D:\mark\Dropbox\kordev_repo\kordev\simple-xml-2.7.1\jar\simple-xml-2.7.1.jar;D:\mark\Dropbox\kordev_repo\kordev\SchoolPairingFX2\lib\poi-3.9-20121203.jar;D:\mark\Dropbox\kordev_repo\kordev\SchoolPairingFX2\lib\poi-ooxml-3.9-20121203.jar;D:\mark\Dropbox\kordev_repo\kordev\SchoolPairingFX2\lib\xmlbeans-2.3.0.jar;D:\mark\Dropbox\kordev_repo\kordev\SchoolPairingFX2\lib\poi-ooxml-schemas-3.9-20121203.jar;D:\mark\Dropbox\kordev_repo\kordev\SchoolPairingFX2\lib\stax-api-1.0.1.jar;D:\mark\Dropbox\kordev_repo\kordev\SchoolPairingFX2\lib\dom4j-1.6.1.jar;D:\mark\Dropbox\kordev_repo\kordev\PairFXLib\dist\PairFXLib.jar;D:\mark\Dropbox\kordev_repo\kordev\SchoolPairingFX2\build\classes;C:\Program Files\NetBeans 7.2.1\platform\modules\ext\junit-4.10.jar;D:\mark\Dropbox\kordev_repo\kordev\SchoolPairingFX2\build\test\classes;C:\Program Files (x86)\Belgium Identity Card;C:\Program Files\NetBeans 7.2.1\java\ant\lib\ant-launcher.jar;C:\Program Files\NetBeans 7.2.1\java\ant\lib\ant.jar;C:\Program Files\NetBeans 7.2.1\java\ant\lib\ant-junit.jar;C:\Program Files\NetBeans 7.2.1\java\ant\lib\ant-junit4.jar" />
    <property name="libs.absolutelayout.src" value="" />
    <property name="libs.jpa20-persistence.classpath" value="C:\Program Files\NetBeans 7.2.1\java\modules\ext\eclipselink\javax.persistence-2.0.3.jar" />
    <property name="os.version" value="6.1" />
    <property name="build.generated.subdirs" value="D:\mark\Dropbox\kordev_repo\kordev\SchoolPairingFX2\build\generated-sources\ap-source-output" />
    <property name="application.args" value="" />
    <property name="ant.file.type.SchoolPairingFX2" value="file" />
    <property name="sun.awt.enableExtraMouseButtons" value="true" />
    <property name="main.class.available" value="true" />
    <property name="sun.desktop" value="windows" />
    <property name="libs.Jetty.javadoc" value="" />
    <property name="javafx.sdk" value="C:\Program Files\Java\jdk1.8.0" />
    <property name="javafx.deploy.allowoffline" value="true" />
    <property name="libs.JAXB-ENDORSED.classpath" value="C:\Program Files\NetBeans 7.2.1\ide\modules\ext\jaxb\api\jaxb-api.jar" />
    <property name="libs.eclipselink.classpath" value="C:\Program Files\NetBeans 7.2.1\java\modules\ext\eclipselink\eclipselink-2.3.2.jar;C:\Program Files\NetBeans 7.2.1\java\modules\ext\eclipselink\javax.persistence-2.0.3.jar;C:\Program Files\NetBeans 7.2.1\java\modules\ext\eclipselink\org.eclipse.persistence.jpa.jpql_1.0.1.jar" />
    <property name="libs.beans-binding.javadoc" value="C:\Program Files\NetBeans 7.2.1\java\docs\beansbinding-1.2.1-doc.zip" />
    <property name="java.awt.graphicsenv" value="sun.awt.Win32GraphicsEnvironment" />
    <property name="libs.simple-xml.maven-pom" value="" />
    <property name="java.vm.vendor" value="Oracle Corporation" />
    <property name="libs.CopyLibs.classpath" value="C:\Program Files\NetBeans 7.2.1\java\ant\extra\org-netbeans-modules-java-j2seproject-copylibstask.jar" />
    <property name="libs.spring-framework300.classpath" value="C:\Program Files\NetBeans 7.2.1\ide\modules\org-apache-commons-logging.jar;C:\Program Files\NetBeans 7.2.1\java\modules\ext\cglib-2.2.jar;C:\Program Files\NetBeans 7.2.1\java\modules\ext\spring-3.0\spring-aop-3.1.1.RELEASE.jar;C:\Program Files\NetBeans 7.2.1\java\modules\ext\spring-3.0\spring-asm-3.1.1.RELEASE.jar;C:\Program Files\NetBeans 7.2.1\java\modules\ext\spring-3.0\spring-aspects-3.1.1.RELEASE.jar;C:\Program Files\NetBeans 7.2.1\java\modules\ext\spring-3.0\spring-beans-3.1.1.RELEASE.jar;C:\Program Files\NetBeans 7.2.1\java\modules\ext\spring-3.0\spring-context-3.1.1.RELEASE.jar;C:\Program Files\NetBeans 7.2.1\java\modules\ext\spring-3.0\spring-context-support-3.1.1.RELEASE.jar;C:\Program Files\NetBeans 7.2.1\java\modules\ext\spring-3.0\spring-core-3.1.1.RELEASE.jar;C:\Program Files\NetBeans 7.2.1\java\modules\ext\spring-3.0\spring-expression-3.1.1.RELEASE.jar;C:\Program Files\NetBeans 7.2.1\java\modules\ext\spring-3.0\spring-instrument-3.1.1.RELEASE.jar;C:\Program Files\NetBeans 7.2.1\java\modules\ext\spring-3.0\spring-instrument-tomcat-3.1.1.RELEASE.jar;C:\Program Files\NetBeans 7.2.1\java\modules\ext\spring-3.0\spring-jdbc-3.1.1.RELEASE.jar;C:\Program Files\NetBeans 7.2.1\java\modules\ext\spring-3.0\spring-jms-3.1.1.RELEASE.jar;C:\Program Files\NetBeans 7.2.1\java\modules\ext\spring-3.0\spring-orm-3.1.1.RELEASE.jar;C:\Program Files\NetBeans 7.2.1\java\modules\ext\spring-3.0\spring-oxm-3.1.1.RELEASE.jar;C:\Program Files\NetBeans 7.2.1\java\modules\ext\spring-3.0\spring-test-3.1.1.RELEASE.jar;C:\Program Files\NetBeans 7.2.1\java\modules\ext\spring-3.0\spring-tx-3.1.1.RELEASE.jar;C:\Program Files\NetBeans 7.2.1\java\modules\ext\spring-3.0\spring-web-3.1.1.RELEASE.jar;C:\Program Files\NetBeans 7.2.1\java\modules\ext\spring-3.0\spring-webmvc-portlet-3.1.1.RELEASE.jar;C:\Program Files\NetBeans 7.2.1\java\modules\ext\spring-3.0\spring-webmvc-3.1.1.RELEASE.jar;C:\Program Files\NetBeans 7.2.1\java\modules\ext\spring-3.0\spring-struts-3.1.1.RELEASE.jar" />
    <property name="run.jvmargs" value="-Dlocale=nl" />
    <property name="libs.ejb3-persistence.classpath" value="C:\Program Files\NetBeans 7.2.1\java\modules\ext\hibernate\ejb3-persistence.jar" />
    <property name="javafx.signing.keystore" value="" />
    <property name="libs.JAXB-ENDORSED.src" value="" />
    <property name="libs.spring-framework.javadoc" value="" />
    <property name="libs.testng.javadoc" value="C:\Program Files\NetBeans 7.2.1\platform\docs\testng-6.5.1-javadoc.zip" />
    <property name="user.script" value="" />
    <property name="libs.PostgreSQLDriver.classpath" value="C:\Program Files\NetBeans 7.2.1\ide\modules\ext\postgresql-9.1-901.jdbc4.jar" />
    <property name="jnlp.signing" value="" />
    <property name="libs.junit.src" value="" />
    <property name="jnlp.signed" value="false" />
    <property name="annotation.processing.source.output" value="build/generated-sources/ap-source-output" />
    <property name="main.class" value="com.javafx.main.Main" />
    <property name="libs.JSOUP.maven-pom" value="" />
    <property name="libs.CopyLibs.src" value="" />
    <property name="build.dir" value="build" />
    <property name="libs.simpl-xml.classpath" value="D:\mark\Dropbox\kordev_repo\kordev\simple-xml-2.7.1\lib\stax-1.2.0.jar;D:\mark\Dropbox\kordev_repo\kordev\simple-xml-2.7.1\lib\stax-api-1.0.1.jar;D:\mark\Dropbox\kordev_repo\kordev\simple-xml-2.7.1\lib\xpp3-1.1.3_8.jar" />
    <property name="ant.version" value="Apache Ant(TM) version 1.8.3 compiled on February 26 2012" />
    <property name="file.encoding" value="Cp1252" />
    <property name="build.classes.excludes" value="**/*.java,**/*.form" />
    <property name="javadoc.nonavbar" value="false" />
    <property name="libs.Apache commons lang.classpath" value="D:\mark\Dropbox\kordev_repo\kordev\fixedformat4j\commons-lang3-3.1.jar;D:\mark\Dropbox\kordev_repo\kordev\fixedformat4j\commons-logging-1.1.1.jar" />
    <property name="platform.active" value="Default_JavaFX_Platform" />
    <property name="awt.toolkit" value="sun.awt.windows.WToolkit" />
    <property name="javafx.deploy.installpermanently" value="false" />
    <property name="locale" value="nl" />
  </properties>
  <testcase classname="TestPairing" name="testUndoPairingLeavesPointsAloneWhenGameNotPlayed" time="0.006" />
  <testcase classname="TestPairing" name="testPairingWithMaxPercentage" time="0.006">
    <failure type="junit.framework.AssertionFailedError">junit.framework.AssertionFailedError
	at TestPairing.testPairingWithMaxPercentage(TestPairing.java:173)
</failure>
  </testcase>
  <testcase classname="TestPairing" name="testPairing" time="0.004" />
  <testcase classname="TestPairing" name="testUndoPairingWithPointsAdapted" time="0.0" />
  <system-out><![CDATA[Pairingstrategy: PERCENTAGE
Pairingstrategy: PERCENTAGE
Pairingstrategy: PERCENTAGE
[Pieter Truwant (1200 (0)(sb:0.0) - JP Blondel (1200 (0)(sb:0.0)]
[Didier Dalschaert (1200 (0)(sb:0.0) - Marcel Demaertelaere (1200 (0)(sb:0.0)]
[Herman Ottevaere (1200 (5)(sb:0.0) - Mark Dechamps (1200 (10)(sb:0.0)]
[Roland Seynaeve (1200 (5)(sb:0.0) - Nele Vanhuyse (1200 (10)(sb:0.0)]
Pairingstrategy: PERCENTAGE
]]></system-out>
  <system-err><![CDATA[]]></system-err>
</testsuite>
